Analysis & Synthesis report for VGADemo
Fri Mar  7 10:09:54 2025
Quartus Prime Version 23.1std.0 Build 991 11/28/2023 SC Lite Edition


---------------------
; Table of Contents ;
---------------------
  1. Legal Notice
  2. Analysis & Synthesis Summary
  3. Analysis & Synthesis Settings
  4. Parallel Compilation
  5. Analysis & Synthesis Source Files Read
  6. Analysis & Synthesis Resource Usage Summary
  7. Analysis & Synthesis Resource Utilization by Entity
  8. Registers Removed During Synthesis
  9. General Register Statistics
 10. Parameter Settings for User Entity Instance: Top-level Entity: |VGADemo
 11. Parameter Settings for User Entity Instance: clk_divider:clk_div_inst
 12. Parameter Settings for Inferred Entity Instance: letter_generator:letter2|lpm_divide:Div1
 13. Port Connectivity Checks: "letter_generator:letter5"
 14. Port Connectivity Checks: "letter_generator:letter4"
 15. Port Connectivity Checks: "letter_generator:letter3"
 16. Port Connectivity Checks: "letter_generator:letter2"
 17. Port Connectivity Checks: "letter_generator:letter1"
 18. Port Connectivity Checks: "letter_generator:letter0"
 19. Port Connectivity Checks: "clk_divider:clk_div_inst"
 20. Post-Synthesis Netlist Statistics for Top Partition
 21. Elapsed Time Per Partition
 22. Analysis & Synthesis Messages



----------------
; Legal Notice ;
----------------
Copyright (C) 2023  Intel Corporation. All rights reserved.
Your use of Intel Corporation's design tools, logic functions 
and other software and tools, and any partner logic 
functions, and any output files from any of the foregoing 
(including device programming or simulation files), and any 
associated documentation or information are expressly subject 
to the terms and conditions of the Intel Program License 
Subscription Agreement, the Intel Quartus Prime License Agreement,
the Intel FPGA IP License Agreement, or other applicable license
agreement, including, without limitation, that your use is for
the sole purpose of programming logic devices manufactured by
Intel and sold by Intel or its authorized distributors.  Please
refer to the applicable agreement for further details, at
https://fpgasoftware.intel.com/eula.



+-------------------------------------------------------------------------------------+
; Analysis & Synthesis Summary                                                        ;
+------------------------------------+------------------------------------------------+
; Analysis & Synthesis Status        ; Successful - Fri Mar  7 10:09:54 2025          ;
; Quartus Prime Version              ; 23.1std.0 Build 991 11/28/2023 SC Lite Edition ;
; Revision Name                      ; VGADemo                                        ;
; Top-level Entity Name              ; VGADemo                                        ;
; Family                             ; MAX 10                                         ;
; Total logic elements               ; 550                                            ;
;     Total combinational functions  ; 547                                            ;
;     Dedicated logic registers      ; 28                                             ;
; Total registers                    ; 28                                             ;
; Total pins                         ; 15                                             ;
; Total virtual pins                 ; 0                                              ;
; Total memory bits                  ; 0                                              ;
; Embedded Multiplier 9-bit elements ; 0                                              ;
; Total PLLs                         ; 0                                              ;
; UFM blocks                         ; 0                                              ;
; ADC blocks                         ; 0                                              ;
+------------------------------------+------------------------------------------------+


+------------------------------------------------------------------------------------------------------------+
; Analysis & Synthesis Settings                                                                              ;
+------------------------------------------------------------------+--------------------+--------------------+
; Option                                                           ; Setting            ; Default Value      ;
+------------------------------------------------------------------+--------------------+--------------------+
; Device                                                           ; 10M50DAF484C7G     ;                    ;
; Top-level entity name                                            ; VGADemo            ; VGADemo            ;
; Family name                                                      ; MAX 10             ; Cyclone V          ;
; Use smart compilation                                            ; Off                ; Off                ;
; Enable parallel Assembler and Timing Analyzer during compilation ; On                 ; On                 ;
; Enable compact report table                                      ; Off                ; Off                ;
; Restructure Multiplexers                                         ; Auto               ; Auto               ;
; Create Debugging Nodes for IP Cores                              ; Off                ; Off                ;
; Preserve fewer node names                                        ; On                 ; On                 ;
; Intel FPGA IP Evaluation Mode                                    ; Enable             ; Enable             ;
; Verilog Version                                                  ; Verilog_2001       ; Verilog_2001       ;
; VHDL Version                                                     ; VHDL_1993          ; VHDL_1993          ;
; State Machine Processing                                         ; Auto               ; Auto               ;
; Safe State Machine                                               ; Off                ; Off                ;
; Extract Verilog State Machines                                   ; On                 ; On                 ;
; Extract VHDL State Machines                                      ; On                 ; On                 ;
; Ignore Verilog initial constructs                                ; Off                ; Off                ;
; Iteration limit for constant Verilog loops                       ; 5000               ; 5000               ;
; Iteration limit for non-constant Verilog loops                   ; 250                ; 250                ;
; Add Pass-Through Logic to Inferred RAMs                          ; On                 ; On                 ;
; Infer RAMs from Raw Logic                                        ; On                 ; On                 ;
; Parallel Synthesis                                               ; On                 ; On                 ;
; DSP Block Balancing                                              ; Auto               ; Auto               ;
; NOT Gate Push-Back                                               ; On                 ; On                 ;
; Power-Up Don't Care                                              ; On                 ; On                 ;
; Remove Redundant Logic Cells                                     ; Off                ; Off                ;
; Remove Duplicate Registers                                       ; On                 ; On                 ;
; Ignore CARRY Buffers                                             ; Off                ; Off                ;
; Ignore CASCADE Buffers                                           ; Off                ; Off                ;
; Ignore GLOBAL Buffers                                            ; Off                ; Off                ;
; Ignore ROW GLOBAL Buffers                                        ; Off                ; Off                ;
; Ignore LCELL Buffers                                             ; Off                ; Off                ;
; Ignore SOFT Buffers                                              ; On                 ; On                 ;
; Limit AHDL Integers to 32 Bits                                   ; Off                ; Off                ;
; Optimization Technique                                           ; Balanced           ; Balanced           ;
; Carry Chain Length                                               ; 70                 ; 70                 ;
; Auto Carry Chains                                                ; On                 ; On                 ;
; Auto Open-Drain Pins                                             ; On                 ; On                 ;
; Perform WYSIWYG Primitive Resynthesis                            ; Off                ; Off                ;
; Auto ROM Replacement                                             ; On                 ; On                 ;
; Auto RAM Replacement                                             ; On                 ; On                 ;
; Auto DSP Block Replacement                                       ; On                 ; On                 ;
; Auto Shift Register Replacement                                  ; Auto               ; Auto               ;
; Allow Shift Register Merging across Hierarchies                  ; Auto               ; Auto               ;
; Auto Clock Enable Replacement                                    ; On                 ; On                 ;
; Strict RAM Replacement                                           ; Off                ; Off                ;
; Allow Synchronous Control Signals                                ; On                 ; On                 ;
; Force Use of Synchronous Clear Signals                           ; Off                ; Off                ;
; Auto RAM Block Balancing                                         ; On                 ; On                 ;
; Auto RAM to Logic Cell Conversion                                ; Off                ; Off                ;
; Auto Resource Sharing                                            ; Off                ; Off                ;
; Allow Any RAM Size For Recognition                               ; Off                ; Off                ;
; Allow Any ROM Size For Recognition                               ; Off                ; Off                ;
; Allow Any Shift Register Size For Recognition                    ; Off                ; Off                ;
; Use LogicLock Constraints during Resource Balancing              ; On                 ; On                 ;
; Ignore translate_off and synthesis_off directives                ; Off                ; Off                ;
; Timing-Driven Synthesis                                          ; On                 ; On                 ;
; Report Parameter Settings                                        ; On                 ; On                 ;
; Report Source Assignments                                        ; On                 ; On                 ;
; Report Connectivity Checks                                       ; On                 ; On                 ;
; Ignore Maximum Fan-Out Assignments                               ; Off                ; Off                ;
; Synchronization Register Chain Length                            ; 2                  ; 2                  ;
; Power Optimization During Synthesis                              ; Normal compilation ; Normal compilation ;
; HDL message level                                                ; Level2             ; Level2             ;
; Suppress Register Optimization Related Messages                  ; Off                ; Off                ;
; Number of Removed Registers Reported in Synthesis Report         ; 5000               ; 5000               ;
; Number of Swept Nodes Reported in Synthesis Report               ; 5000               ; 5000               ;
; Number of Inverted Registers Reported in Synthesis Report        ; 100                ; 100                ;
; Clock MUX Protection                                             ; On                 ; On                 ;
; Auto Gated Clock Conversion                                      ; Off                ; Off                ;
; Block Design Naming                                              ; Auto               ; Auto               ;
; SDC constraint protection                                        ; Off                ; Off                ;
; Synthesis Effort                                                 ; Auto               ; Auto               ;
; Shift Register Replacement - Allow Asynchronous Clear Signal     ; On                 ; On                 ;
; Pre-Mapping Resynthesis Optimization                             ; Off                ; Off                ;
; Analysis & Synthesis Message Level                               ; Medium             ; Medium             ;
; Disable Register Merging Across Hierarchies                      ; Auto               ; Auto               ;
; Resource Aware Inference For Block RAM                           ; On                 ; On                 ;
+------------------------------------------------------------------+--------------------+--------------------+


+------------------------------------------+
; Parallel Compilation                     ;
+----------------------------+-------------+
; Processors                 ; Number      ;
+----------------------------+-------------+
; Number detected on machine ; 16          ;
; Maximum allowed            ; 10          ;
;                            ;             ;
; Average used               ; 1.00        ;
; Maximum used               ; 10          ;
;                            ;             ;
; Usage by Processor         ; % Time Used ;
;     Processor 1            ; 100.0%      ;
;     Processors 2-10        ;   0.0%      ;
+----------------------------+-------------+


+-----------------------------------------------------------------------------------------------------------------------------------------------------------------------------+
; Analysis & Synthesis Source Files Read                                                                                                                                      ;
+----------------------------------+-----------------+------------------------------+-------------------------------------------------------------------------------+---------+
; File Name with User-Entered Path ; Used in Netlist ; File Type                    ; File Name with Absolute Path                                                  ; Library ;
+----------------------------------+-----------------+------------------------------+-------------------------------------------------------------------------------+---------+
; VGADemo.v                        ; yes             ; User Verilog HDL File        ; C:/Users/dante/Practicas_FPGAs/VGADemo/VGADemo.v                              ;         ;
; hvsync_generator.v               ; yes             ; User Verilog HDL File        ; C:/Users/dante/Practicas_FPGAs/VGADemo/hvsync_generator.v                     ;         ;
; clk_divider.v                    ; yes             ; User Verilog HDL File        ; C:/Users/dante/Practicas_FPGAs/VGADemo/clk_divider.v                          ;         ;
; output_files/letter_generator.v  ; yes             ; User Verilog HDL File        ; C:/Users/dante/Practicas_FPGAs/VGADemo/output_files/letter_generator.v        ;         ;
; lpm_divide.tdf                   ; yes             ; Megafunction                 ; c:/intelfpga_lite/23.1std/quartus/libraries/megafunctions/lpm_divide.tdf      ;         ;
; abs_divider.inc                  ; yes             ; Megafunction                 ; c:/intelfpga_lite/23.1std/quartus/libraries/megafunctions/abs_divider.inc     ;         ;
; sign_div_unsign.inc              ; yes             ; Megafunction                 ; c:/intelfpga_lite/23.1std/quartus/libraries/megafunctions/sign_div_unsign.inc ;         ;
; aglobal231.inc                   ; yes             ; Megafunction                 ; c:/intelfpga_lite/23.1std/quartus/libraries/megafunctions/aglobal231.inc      ;         ;
; db/lpm_divide_qtl.tdf            ; yes             ; Auto-Generated Megafunction  ; C:/Users/dante/Practicas_FPGAs/VGADemo/db/lpm_divide_qtl.tdf                  ;         ;
; db/sign_div_unsign_slh.tdf       ; yes             ; Auto-Generated Megafunction  ; C:/Users/dante/Practicas_FPGAs/VGADemo/db/sign_div_unsign_slh.tdf             ;         ;
; db/alt_u_div_2ie.tdf             ; yes             ; Auto-Generated Megafunction  ; C:/Users/dante/Practicas_FPGAs/VGADemo/db/alt_u_div_2ie.tdf                   ;         ;
; db/add_sub_t3c.tdf               ; yes             ; Auto-Generated Megafunction  ; C:/Users/dante/Practicas_FPGAs/VGADemo/db/add_sub_t3c.tdf                     ;         ;
; db/add_sub_u3c.tdf               ; yes             ; Auto-Generated Megafunction  ; C:/Users/dante/Practicas_FPGAs/VGADemo/db/add_sub_u3c.tdf                     ;         ;
+----------------------------------+-----------------+------------------------------+-------------------------------------------------------------------------------+---------+


+--------------------------------------------------------------------------------+
; Analysis & Synthesis Resource Usage Summary                                    ;
+---------------------------------------------+----------------------------------+
; Resource                                    ; Usage                            ;
+---------------------------------------------+----------------------------------+
; Estimated Total logic elements              ; 550                              ;
;                                             ;                                  ;
; Total combinational functions               ; 547                              ;
; Logic element usage by number of LUT inputs ;                                  ;
;     -- 4 input functions                    ; 164                              ;
;     -- 3 input functions                    ; 150                              ;
;     -- <=2 input functions                  ; 233                              ;
;                                             ;                                  ;
; Logic elements by mode                      ;                                  ;
;     -- normal mode                          ; 373                              ;
;     -- arithmetic mode                      ; 174                              ;
;                                             ;                                  ;
; Total registers                             ; 28                               ;
;     -- Dedicated logic registers            ; 28                               ;
;     -- I/O registers                        ; 0                                ;
;                                             ;                                  ;
; I/O pins                                    ; 15                               ;
;                                             ;                                  ;
; Embedded Multiplier 9-bit elements          ; 0                                ;
;                                             ;                                  ;
; Maximum fan-out node                        ; clk_divider:clk_div_inst|clk_div ;
; Maximum fan-out                             ; 28                               ;
; Total fan-out                               ; 1613                             ;
; Average fan-out                             ; 2.66                             ;
+---------------------------------------------+----------------------------------+


+-------------------------------------------------------------------------------------------------------------------------------------------------------------------------------------------------------------------------------------------------------------------------------------------------------------------------------------------------------------------------+
; Analysis & Synthesis Resource Utilization by Entity                                                                                                                                                                                                                                                                                                                     ;
+-------------------------------------------+---------------------+---------------------------+-------------+------------+--------------+---------+-----------+------+--------------+------------+-----------------------------------------------------------------------------------------------------------------------------------+---------------------+--------------+
; Compilation Hierarchy Node                ; Combinational ALUTs ; Dedicated Logic Registers ; Memory Bits ; UFM Blocks ; DSP Elements ; DSP 9x9 ; DSP 18x18 ; Pins ; Virtual Pins ; ADC blocks ; Full Hierarchy Name                                                                                                               ; Entity Name         ; Library Name ;
+-------------------------------------------+---------------------+---------------------------+-------------+------------+--------------+---------+-----------+------+--------------+------------+-----------------------------------------------------------------------------------------------------------------------------------+---------------------+--------------+
; |VGADemo                                  ; 547 (47)            ; 28 (4)                    ; 0           ; 0          ; 0            ; 0       ; 0         ; 15   ; 0            ; 0          ; |VGADemo                                                                                                                          ; VGADemo             ; work         ;
;    |clk_divider:clk_div_inst|             ; 1 (1)               ; 1 (1)                     ; 0           ; 0          ; 0            ; 0       ; 0         ; 0    ; 0            ; 0          ; |VGADemo|clk_divider:clk_div_inst                                                                                                 ; clk_divider         ; work         ;
;    |hvsync_generator:hsync_inst|          ; 45 (45)             ; 23 (23)                   ; 0           ; 0          ; 0            ; 0       ; 0         ; 0    ; 0            ; 0          ; |VGADemo|hvsync_generator:hsync_inst                                                                                              ; hvsync_generator    ; work         ;
;    |letter_generator:letter0|             ; 3 (3)               ; 0 (0)                     ; 0           ; 0          ; 0            ; 0       ; 0         ; 0    ; 0            ; 0          ; |VGADemo|letter_generator:letter0                                                                                                 ; letter_generator    ; work         ;
;    |letter_generator:letter1|             ; 8 (8)               ; 0 (0)                     ; 0           ; 0          ; 0            ; 0       ; 0         ; 0    ; 0            ; 0          ; |VGADemo|letter_generator:letter1                                                                                                 ; letter_generator    ; work         ;
;    |letter_generator:letter2|             ; 438 (94)            ; 0 (0)                     ; 0           ; 0          ; 0            ; 0       ; 0         ; 0    ; 0            ; 0          ; |VGADemo|letter_generator:letter2                                                                                                 ; letter_generator    ; work         ;
;       |lpm_divide:Div1|                   ; 344 (0)             ; 0 (0)                     ; 0           ; 0          ; 0            ; 0       ; 0         ; 0    ; 0            ; 0          ; |VGADemo|letter_generator:letter2|lpm_divide:Div1                                                                                 ; lpm_divide          ; work         ;
;          |lpm_divide_qtl:auto_generated|  ; 344 (0)             ; 0 (0)                     ; 0           ; 0          ; 0            ; 0       ; 0         ; 0    ; 0            ; 0          ; |VGADemo|letter_generator:letter2|lpm_divide:Div1|lpm_divide_qtl:auto_generated                                                   ; lpm_divide_qtl      ; work         ;
;             |sign_div_unsign_slh:divider| ; 344 (0)             ; 0 (0)                     ; 0           ; 0          ; 0            ; 0       ; 0         ; 0    ; 0            ; 0          ; |VGADemo|letter_generator:letter2|lpm_divide:Div1|lpm_divide_qtl:auto_generated|sign_div_unsign_slh:divider                       ; sign_div_unsign_slh ; work         ;
;                |alt_u_div_2ie:divider|    ; 344 (344)           ; 0 (0)                     ; 0           ; 0          ; 0            ; 0       ; 0         ; 0    ; 0            ; 0          ; |VGADemo|letter_generator:letter2|lpm_divide:Div1|lpm_divide_qtl:auto_generated|sign_div_unsign_slh:divider|alt_u_div_2ie:divider ; alt_u_div_2ie       ; work         ;
;    |letter_generator:letter3|             ; 1 (1)               ; 0 (0)                     ; 0           ; 0          ; 0            ; 0       ; 0         ; 0    ; 0            ; 0          ; |VGADemo|letter_generator:letter3                                                                                                 ; letter_generator    ; work         ;
;    |letter_generator:letter4|             ; 4 (4)               ; 0 (0)                     ; 0           ; 0          ; 0            ; 0       ; 0         ; 0    ; 0            ; 0          ; |VGADemo|letter_generator:letter4                                                                                                 ; letter_generator    ; work         ;
+-------------------------------------------+---------------------+---------------------------+-------------+------------+--------------+---------+-----------+------+--------------+------------+-----------------------------------------------------------------------------------------------------------------------------------+---------------------+--------------+
Note: For table entries with two numbers listed, the numbers in parentheses indicate the number of resources of the given type used by the specific entity alone. The numbers listed outside of parentheses indicate the total resources of the given type used by the specific entity and all of its sub-entities in the hierarchy.


+---------------------------------------------------------------------------------+
; Registers Removed During Synthesis                                              ;
+----------------------------------------+----------------------------------------+
; Register name                          ; Reason for Removal                     ;
+----------------------------------------+----------------------------------------+
; VGA_B[0]~reg0                          ; Stuck at GND due to stuck port data_in ;
; VGA_B[1]~reg0                          ; Stuck at GND due to stuck port data_in ;
; VGA_B[2]~reg0                          ; Stuck at GND due to stuck port data_in ;
; VGA_B[3]~reg0                          ; Stuck at GND due to stuck port data_in ;
; VGA_G[0]~reg0                          ; Stuck at GND due to stuck port data_in ;
; VGA_G[1]~reg0                          ; Stuck at GND due to stuck port data_in ;
; VGA_G[2]~reg0                          ; Stuck at GND due to stuck port data_in ;
; VGA_G[3]~reg0                          ; Stuck at GND due to stuck port data_in ;
; clk_divider:clk_div_inst|count[0..31]  ; Stuck at GND due to stuck port data_in ;
; Total Number of Removed Registers = 40 ;                                        ;
+----------------------------------------+----------------------------------------+


+------------------------------------------------------+
; General Register Statistics                          ;
+----------------------------------------------+-------+
; Statistic                                    ; Value ;
+----------------------------------------------+-------+
; Total registers                              ; 28    ;
; Number of registers using Synchronous Clear  ; 0     ;
; Number of registers using Synchronous Load   ; 0     ;
; Number of registers using Asynchronous Clear ; 0     ;
; Number of registers using Asynchronous Load  ; 0     ;
; Number of registers using Clock Enable       ; 10    ;
; Number of registers using Preset             ; 0     ;
+----------------------------------------------+-------+


+-------------------------------------------------------------------------+
; Parameter Settings for User Entity Instance: Top-level Entity: |VGADemo ;
+----------------+--------+-----------------------------------------------+
; Parameter Name ; Value  ; Type                                          ;
+----------------+--------+-----------------------------------------------+
; WORD           ; DANTE  ; String                                        ;
+----------------+--------+-----------------------------------------------+
Note: In order to hide this table in the UI and the text report file, please set the "Show Parameter Settings in Synthesis Report" option in "Analysis and Synthesis Settings -> More Settings" to "Off".


+-----------------------------------------------------------------------+
; Parameter Settings for User Entity Instance: clk_divider:clk_div_inst ;
+----------------+-------+----------------------------------------------+
; Parameter Name ; Value ; Type                                         ;
+----------------+-------+----------------------------------------------+
; DIVISOR        ; 2     ; Signed Integer                               ;
+----------------+-------+----------------------------------------------+
Note: In order to hide this table in the UI and the text report file, please set the "Show Parameter Settings in Synthesis Report" option in "Analysis and Synthesis Settings -> More Settings" to "Off".


+-------------------------------------------------------------------------------------------+
; Parameter Settings for Inferred Entity Instance: letter_generator:letter2|lpm_divide:Div1 ;
+------------------------+----------------+-------------------------------------------------+
; Parameter Name         ; Value          ; Type                                            ;
+------------------------+----------------+-------------------------------------------------+
; LPM_WIDTHN             ; 32             ; Untyped                                         ;
; LPM_WIDTHD             ; 8              ; Untyped                                         ;
; LPM_NREPRESENTATION    ; UNSIGNED       ; Untyped                                         ;
; LPM_DREPRESENTATION    ; UNSIGNED       ; Untyped                                         ;
; LPM_PIPELINE           ; 0              ; Untyped                                         ;
; LPM_REMAINDERPOSITIVE  ; TRUE           ; Untyped                                         ;
; MAXIMIZE_SPEED         ; 5              ; Untyped                                         ;
; CBXI_PARAMETER         ; lpm_divide_qtl ; Untyped                                         ;
; CARRY_CHAIN            ; MANUAL         ; Untyped                                         ;
; OPTIMIZE_FOR_SPEED     ; 5              ; Untyped                                         ;
; AUTO_CARRY_CHAINS      ; ON             ; AUTO_CARRY                                      ;
; IGNORE_CARRY_BUFFERS   ; OFF            ; IGNORE_CARRY                                    ;
; AUTO_CASCADE_CHAINS    ; ON             ; AUTO_CASCADE                                    ;
; IGNORE_CASCADE_BUFFERS ; OFF            ; IGNORE_CASCADE                                  ;
+------------------------+----------------+-------------------------------------------------+
Note: In order to hide this table in the UI and the text report file, please set the "Show Parameter Settings in Synthesis Report" option in "Analysis and Synthesis Settings -> More Settings" to "Off".


+----------------------------------------------------------------------------------------------------------------------------------------------------------------------------------------------------------------------------+
; Port Connectivity Checks: "letter_generator:letter5"                                                                                                                                                                       ;
+-------------------+-------+----------+-------------------------------------------------------------------------------------------------------------------------------------------------------------------------------------+
; Port              ; Type  ; Severity ; Details                                                                                                                                                                             ;
+-------------------+-------+----------+-------------------------------------------------------------------------------------------------------------------------------------------------------------------------------------+
; letter_code[7..6] ; Input ; Info     ; Stuck at GND                                                                                                                                                                        ;
; letter_code[4..0] ; Input ; Info     ; Stuck at GND                                                                                                                                                                        ;
; letter_code[5]    ; Input ; Info     ; Stuck at VCC                                                                                                                                                                        ;
; base_x            ; Input ; Warning  ; Input port expression (32 bits) is wider than the input port (10 bits) it drives.  The 22 most-significant bit(s) in the expression will be dangling if they have no other fanouts. ;
; base_x[1..0]      ; Input ; Info     ; Stuck at VCC                                                                                                                                                                        ;
; base_x[8..2]      ; Input ; Info     ; Stuck at GND                                                                                                                                                                        ;
; base_x[9]         ; Input ; Info     ; Stuck at VCC                                                                                                                                                                        ;
; base_y            ; Input ; Warning  ; Input port expression (32 bits) is wider than the input port (10 bits) it drives.  The 22 most-significant bit(s) in the expression will be dangling if they have no other fanouts. ;
; base_y[3..2]      ; Input ; Info     ; Stuck at VCC                                                                                                                                                                        ;
; base_y[9..8]      ; Input ; Info     ; Stuck at GND                                                                                                                                                                        ;
; base_y[6..4]      ; Input ; Info     ; Stuck at GND                                                                                                                                                                        ;
; base_y[1..0]      ; Input ; Info     ; Stuck at GND                                                                                                                                                                        ;
; base_y[7]         ; Input ; Info     ; Stuck at VCC                                                                                                                                                                        ;
+-------------------+-------+----------+-------------------------------------------------------------------------------------------------------------------------------------------------------------------------------------+


+----------------------------------------------------------------------------------------------------------------------------------------------------------------------------------------------------------------------------+
; Port Connectivity Checks: "letter_generator:letter4"                                                                                                                                                                       ;
+-------------------+-------+----------+-------------------------------------------------------------------------------------------------------------------------------------------------------------------------------------+
; Port              ; Type  ; Severity ; Details                                                                                                                                                                             ;
+-------------------+-------+----------+-------------------------------------------------------------------------------------------------------------------------------------------------------------------------------------+
; letter_code[5..3] ; Input ; Info     ; Stuck at GND                                                                                                                                                                        ;
; letter_code[7]    ; Input ; Info     ; Stuck at GND                                                                                                                                                                        ;
; letter_code[6]    ; Input ; Info     ; Stuck at VCC                                                                                                                                                                        ;
; letter_code[2]    ; Input ; Info     ; Stuck at VCC                                                                                                                                                                        ;
; letter_code[1]    ; Input ; Info     ; Stuck at GND                                                                                                                                                                        ;
; letter_code[0]    ; Input ; Info     ; Stuck at VCC                                                                                                                                                                        ;
; base_x            ; Input ; Warning  ; Input port expression (32 bits) is wider than the input port (10 bits) it drives.  The 22 most-significant bit(s) in the expression will be dangling if they have no other fanouts. ;
; base_x[8..7]      ; Input ; Info     ; Stuck at VCC                                                                                                                                                                        ;
; base_x[2..1]      ; Input ; Info     ; Stuck at GND                                                                                                                                                                        ;
; base_x[9]         ; Input ; Info     ; Stuck at GND                                                                                                                                                                        ;
; base_x[6]         ; Input ; Info     ; Stuck at GND                                                                                                                                                                        ;
; base_x[5]         ; Input ; Info     ; Stuck at VCC                                                                                                                                                                        ;
; base_x[4]         ; Input ; Info     ; Stuck at GND                                                                                                                                                                        ;
; base_x[3]         ; Input ; Info     ; Stuck at VCC                                                                                                                                                                        ;
; base_x[0]         ; Input ; Info     ; Stuck at VCC                                                                                                                                                                        ;
; base_y            ; Input ; Warning  ; Input port expression (32 bits) is wider than the input port (10 bits) it drives.  The 22 most-significant bit(s) in the expression will be dangling if they have no other fanouts. ;
; base_y[3..2]      ; Input ; Info     ; Stuck at VCC                                                                                                                                                                        ;
; base_y[9..8]      ; Input ; Info     ; Stuck at GND                                                                                                                                                                        ;
; base_y[6..4]      ; Input ; Info     ; Stuck at GND                                                                                                                                                                        ;
; base_y[1..0]      ; Input ; Info     ; Stuck at GND                                                                                                                                                                        ;
; base_y[7]         ; Input ; Info     ; Stuck at VCC                                                                                                                                                                        ;
+-------------------+-------+----------+-------------------------------------------------------------------------------------------------------------------------------------------------------------------------------------+


+----------------------------------------------------------------------------------------------------------------------------------------------------------------------------------------------------------------------------+
; Port Connectivity Checks: "letter_generator:letter3"                                                                                                                                                                       ;
+-------------------+-------+----------+-------------------------------------------------------------------------------------------------------------------------------------------------------------------------------------+
; Port              ; Type  ; Severity ; Details                                                                                                                                                                             ;
+-------------------+-------+----------+-------------------------------------------------------------------------------------------------------------------------------------------------------------------------------------+
; letter_code[1..0] ; Input ; Info     ; Stuck at GND                                                                                                                                                                        ;
; letter_code[7]    ; Input ; Info     ; Stuck at GND                                                                                                                                                                        ;
; letter_code[6]    ; Input ; Info     ; Stuck at VCC                                                                                                                                                                        ;
; letter_code[5]    ; Input ; Info     ; Stuck at GND                                                                                                                                                                        ;
; letter_code[4]    ; Input ; Info     ; Stuck at VCC                                                                                                                                                                        ;
; letter_code[3]    ; Input ; Info     ; Stuck at GND                                                                                                                                                                        ;
; letter_code[2]    ; Input ; Info     ; Stuck at VCC                                                                                                                                                                        ;
; base_x            ; Input ; Warning  ; Input port expression (32 bits) is wider than the input port (10 bits) it drives.  The 22 most-significant bit(s) in the expression will be dangling if they have no other fanouts. ;
; base_x[3..0]      ; Input ; Info     ; Stuck at VCC                                                                                                                                                                        ;
; base_x[5..4]      ; Input ; Info     ; Stuck at GND                                                                                                                                                                        ;
; base_x[9]         ; Input ; Info     ; Stuck at GND                                                                                                                                                                        ;
; base_x[8]         ; Input ; Info     ; Stuck at VCC                                                                                                                                                                        ;
; base_x[7]         ; Input ; Info     ; Stuck at GND                                                                                                                                                                        ;
; base_x[6]         ; Input ; Info     ; Stuck at VCC                                                                                                                                                                        ;
; base_y            ; Input ; Warning  ; Input port expression (32 bits) is wider than the input port (10 bits) it drives.  The 22 most-significant bit(s) in the expression will be dangling if they have no other fanouts. ;
; base_y[3..2]      ; Input ; Info     ; Stuck at VCC                                                                                                                                                                        ;
; base_y[9..8]      ; Input ; Info     ; Stuck at GND                                                                                                                                                                        ;
; base_y[6..4]      ; Input ; Info     ; Stuck at GND                                                                                                                                                                        ;
; base_y[1..0]      ; Input ; Info     ; Stuck at GND                                                                                                                                                                        ;
; base_y[7]         ; Input ; Info     ; Stuck at VCC                                                                                                                                                                        ;
+-------------------+-------+----------+-------------------------------------------------------------------------------------------------------------------------------------------------------------------------------------+


+----------------------------------------------------------------------------------------------------------------------------------------------------------------------------------------------------------------------------+
; Port Connectivity Checks: "letter_generator:letter2"                                                                                                                                                                       ;
+-------------------+-------+----------+-------------------------------------------------------------------------------------------------------------------------------------------------------------------------------------+
; Port              ; Type  ; Severity ; Details                                                                                                                                                                             ;
+-------------------+-------+----------+-------------------------------------------------------------------------------------------------------------------------------------------------------------------------------------+
; letter_code[3..1] ; Input ; Info     ; Stuck at VCC                                                                                                                                                                        ;
; letter_code[5..4] ; Input ; Info     ; Stuck at GND                                                                                                                                                                        ;
; letter_code[7]    ; Input ; Info     ; Stuck at GND                                                                                                                                                                        ;
; letter_code[6]    ; Input ; Info     ; Stuck at VCC                                                                                                                                                                        ;
; letter_code[0]    ; Input ; Info     ; Stuck at GND                                                                                                                                                                        ;
; base_x            ; Input ; Warning  ; Input port expression (32 bits) is wider than the input port (10 bits) it drives.  The 22 most-significant bit(s) in the expression will be dangling if they have no other fanouts. ;
; base_x[7..4]      ; Input ; Info     ; Stuck at VCC                                                                                                                                                                        ;
; base_x[9..8]      ; Input ; Info     ; Stuck at GND                                                                                                                                                                        ;
; base_x[3]         ; Input ; Info     ; Stuck at GND                                                                                                                                                                        ;
; base_x[2]         ; Input ; Info     ; Stuck at VCC                                                                                                                                                                        ;
; base_x[1]         ; Input ; Info     ; Stuck at GND                                                                                                                                                                        ;
; base_x[0]         ; Input ; Info     ; Stuck at VCC                                                                                                                                                                        ;
; base_y            ; Input ; Warning  ; Input port expression (32 bits) is wider than the input port (10 bits) it drives.  The 22 most-significant bit(s) in the expression will be dangling if they have no other fanouts. ;
; base_y[3..2]      ; Input ; Info     ; Stuck at VCC                                                                                                                                                                        ;
; base_y[9..8]      ; Input ; Info     ; Stuck at GND                                                                                                                                                                        ;
; base_y[6..4]      ; Input ; Info     ; Stuck at GND                                                                                                                                                                        ;
; base_y[1..0]      ; Input ; Info     ; Stuck at GND                                                                                                                                                                        ;
; base_y[7]         ; Input ; Info     ; Stuck at VCC                                                                                                                                                                        ;
+-------------------+-------+----------+-------------------------------------------------------------------------------------------------------------------------------------------------------------------------------------+


+----------------------------------------------------------------------------------------------------------------------------------------------------------------------------------------------------------------------------+
; Port Connectivity Checks: "letter_generator:letter1"                                                                                                                                                                       ;
+-------------------+-------+----------+-------------------------------------------------------------------------------------------------------------------------------------------------------------------------------------+
; Port              ; Type  ; Severity ; Details                                                                                                                                                                             ;
+-------------------+-------+----------+-------------------------------------------------------------------------------------------------------------------------------------------------------------------------------------+
; letter_code[5..1] ; Input ; Info     ; Stuck at GND                                                                                                                                                                        ;
; letter_code[7]    ; Input ; Info     ; Stuck at GND                                                                                                                                                                        ;
; letter_code[6]    ; Input ; Info     ; Stuck at VCC                                                                                                                                                                        ;
; letter_code[0]    ; Input ; Info     ; Stuck at VCC                                                                                                                                                                        ;
; base_x            ; Input ; Warning  ; Input port expression (32 bits) is wider than the input port (10 bits) it drives.  The 22 most-significant bit(s) in the expression will be dangling if they have no other fanouts. ;
; base_x[4..3]      ; Input ; Info     ; Stuck at VCC                                                                                                                                                                        ;
; base_x[1..0]      ; Input ; Info     ; Stuck at VCC                                                                                                                                                                        ;
; base_x[9..8]      ; Input ; Info     ; Stuck at GND                                                                                                                                                                        ;
; base_x[6..5]      ; Input ; Info     ; Stuck at GND                                                                                                                                                                        ;
; base_x[7]         ; Input ; Info     ; Stuck at VCC                                                                                                                                                                        ;
; base_x[2]         ; Input ; Info     ; Stuck at GND                                                                                                                                                                        ;
; base_y            ; Input ; Warning  ; Input port expression (32 bits) is wider than the input port (10 bits) it drives.  The 22 most-significant bit(s) in the expression will be dangling if they have no other fanouts. ;
; base_y[3..2]      ; Input ; Info     ; Stuck at VCC                                                                                                                                                                        ;
; base_y[9..8]      ; Input ; Info     ; Stuck at GND                                                                                                                                                                        ;
; base_y[6..4]      ; Input ; Info     ; Stuck at GND                                                                                                                                                                        ;
; base_y[1..0]      ; Input ; Info     ; Stuck at GND                                                                                                                                                                        ;
; base_y[7]         ; Input ; Info     ; Stuck at VCC                                                                                                                                                                        ;
+-------------------+-------+----------+-------------------------------------------------------------------------------------------------------------------------------------------------------------------------------------+


+----------------------------------------------------------------------------------------------------------------------------------------------------------------------------------------------------------------------------+
; Port Connectivity Checks: "letter_generator:letter0"                                                                                                                                                                       ;
+-------------------+-------+----------+-------------------------------------------------------------------------------------------------------------------------------------------------------------------------------------+
; Port              ; Type  ; Severity ; Details                                                                                                                                                                             ;
+-------------------+-------+----------+-------------------------------------------------------------------------------------------------------------------------------------------------------------------------------------+
; letter_code[5..3] ; Input ; Info     ; Stuck at GND                                                                                                                                                                        ;
; letter_code[1..0] ; Input ; Info     ; Stuck at GND                                                                                                                                                                        ;
; letter_code[7]    ; Input ; Info     ; Stuck at GND                                                                                                                                                                        ;
; letter_code[6]    ; Input ; Info     ; Stuck at VCC                                                                                                                                                                        ;
; letter_code[2]    ; Input ; Info     ; Stuck at VCC                                                                                                                                                                        ;
; base_x            ; Input ; Warning  ; Input port expression (32 bits) is wider than the input port (10 bits) it drives.  The 22 most-significant bit(s) in the expression will be dangling if they have no other fanouts. ;
; base_x[9..7]      ; Input ; Info     ; Stuck at GND                                                                                                                                                                        ;
; base_x[5..1]      ; Input ; Info     ; Stuck at GND                                                                                                                                                                        ;
; base_x[6]         ; Input ; Info     ; Stuck at VCC                                                                                                                                                                        ;
; base_x[0]         ; Input ; Info     ; Stuck at VCC                                                                                                                                                                        ;
; base_y            ; Input ; Warning  ; Input port expression (32 bits) is wider than the input port (10 bits) it drives.  The 22 most-significant bit(s) in the expression will be dangling if they have no other fanouts. ;
; base_y[3..2]      ; Input ; Info     ; Stuck at VCC                                                                                                                                                                        ;
; base_y[9..8]      ; Input ; Info     ; Stuck at GND                                                                                                                                                                        ;
; base_y[6..4]      ; Input ; Info     ; Stuck at GND                                                                                                                                                                        ;
; base_y[1..0]      ; Input ; Info     ; Stuck at GND                                                                                                                                                                        ;
; base_y[7]         ; Input ; Info     ; Stuck at VCC                                                                                                                                                                        ;
+-------------------+-------+----------+-------------------------------------------------------------------------------------------------------------------------------------------------------------------------------------+


+-----------------------------------------------------------------------------------------------------------------------------------------------------------------------------------------------------------------+
; Port Connectivity Checks: "clk_divider:clk_div_inst"                                                                                                                                                            ;
+---------+-------+----------+------------------------------------------------------------------------------------------------------------------------------------------------------------------------------------+
; Port    ; Type  ; Severity ; Details                                                                                                                                                                            ;
+---------+-------+----------+------------------------------------------------------------------------------------------------------------------------------------------------------------------------------------+
; rst     ; Input ; Warning  ; Input port expression (32 bits) is wider than the input port (1 bits) it drives.  The 31 most-significant bit(s) in the expression will be dangling if they have no other fanouts. ;
; rst[-1] ; Input ; Info     ; Stuck at GND                                                                                                                                                                       ;
+---------+-------+----------+------------------------------------------------------------------------------------------------------------------------------------------------------------------------------------+


+-----------------------------------------------------+
; Post-Synthesis Netlist Statistics for Top Partition ;
+-----------------------+-----------------------------+
; Type                  ; Count                       ;
+-----------------------+-----------------------------+
; boundary_port         ; 15                          ;
; cycloneiii_ff         ; 28                          ;
;     ENA               ; 10                          ;
;     plain             ; 18                          ;
; cycloneiii_lcell_comb ; 552                         ;
;     arith             ; 174                         ;
;         1 data inputs ; 2                           ;
;         2 data inputs ; 63                          ;
;         3 data inputs ; 109                         ;
;     normal            ; 378                         ;
;         0 data inputs ; 22                          ;
;         1 data inputs ; 8                           ;
;         2 data inputs ; 143                         ;
;         3 data inputs ; 41                          ;
;         4 data inputs ; 164                         ;
;                       ;                             ;
; Max LUT depth         ; 52.90                       ;
; Average LUT depth     ; 40.44                       ;
+-----------------------+-----------------------------+


+-------------------------------+
; Elapsed Time Per Partition    ;
+----------------+--------------+
; Partition Name ; Elapsed Time ;
+----------------+--------------+
; Top            ; 00:00:01     ;
+----------------+--------------+


+-------------------------------+
; Analysis & Synthesis Messages ;
+-------------------------------+
Info: *******************************************************************
Info: Running Quartus Prime Analysis & Synthesis
    Info: Version 23.1std.0 Build 991 11/28/2023 SC Lite Edition
    Info: Processing started: Fri Mar  7 10:09:47 2025
Info: Command: quartus_map --read_settings_files=on --write_settings_files=off VGADemo -c VGADemo
Warning (18236): Number of processors has not been specified which may cause overloading on shared machines.  Set the global assignment NUM_PARALLEL_PROCESSORS in your QSF to an appropriate value for best performance.
Info (20030): Parallel compilation is enabled and will use 10 of the 10 processors detected
Info (12021): Found 1 design units, including 1 entities, in source file vgademo.v
    Info (12023): Found entity 1: VGADemo File: C:/Users/dante/Practicas_FPGAs/VGADemo/VGADemo.v Line: 1
Info (12021): Found 1 design units, including 1 entities, in source file hvsync_generator.v
    Info (12023): Found entity 1: hvsync_generator File: C:/Users/dante/Practicas_FPGAs/VGADemo/hvsync_generator.v Line: 1
Info (12021): Found 1 design units, including 1 entities, in source file clk_divider.v
    Info (12023): Found entity 1: clk_divider File: C:/Users/dante/Practicas_FPGAs/VGADemo/clk_divider.v Line: 1
Info (12021): Found 1 design units, including 1 entities, in source file output_files/letter_generator.v
    Info (12023): Found entity 1: letter_generator File: C:/Users/dante/Practicas_FPGAs/VGADemo/output_files/letter_generator.v Line: 1
Info (12127): Elaborating entity "VGADemo" for the top level hierarchy
Info (12128): Elaborating entity "clk_divider" for hierarchy "clk_divider:clk_div_inst" File: C:/Users/dante/Practicas_FPGAs/VGADemo/VGADemo.v Line: 38
Info (12128): Elaborating entity "hvsync_generator" for hierarchy "hvsync_generator:hsync_inst" File: C:/Users/dante/Practicas_FPGAs/VGADemo/VGADemo.v Line: 47
Warning (10230): Verilog HDL assignment warning at hvsync_generator.v(18): truncated value with size 32 to match size of target (10) File: C:/Users/dante/Practicas_FPGAs/VGADemo/hvsync_generator.v Line: 18
Warning (10230): Verilog HDL assignment warning at hvsync_generator.v(27): truncated value with size 32 to match size of target (10) File: C:/Users/dante/Practicas_FPGAs/VGADemo/hvsync_generator.v Line: 27
Info (12128): Elaborating entity "letter_generator" for hierarchy "letter_generator:letter0" File: C:/Users/dante/Practicas_FPGAs/VGADemo/VGADemo.v Line: 61
Info (278001): Inferred 1 megafunctions from design logic
    Info (278004): Inferred divider/modulo megafunction ("lpm_divide") from the following logic: "letter_generator:letter2|Div1" File: C:/Users/dante/Practicas_FPGAs/VGADemo/output_files/letter_generator.v Line: 376
Info (12130): Elaborated megafunction instantiation "letter_generator:letter2|lpm_divide:Div1" File: C:/Users/dante/Practicas_FPGAs/VGADemo/output_files/letter_generator.v Line: 376
Info (12133): Instantiated megafunction "letter_generator:letter2|lpm_divide:Div1" with the following parameter: File: C:/Users/dante/Practicas_FPGAs/VGADemo/output_files/letter_generator.v Line: 376
    Info (12134): Parameter "LPM_WIDTHN" = "32"
    Info (12134): Parameter "LPM_WIDTHD" = "8"
    Info (12134): Parameter "LPM_NREPRESENTATION" = "UNSIGNED"
    Info (12134): Parameter "LPM_DREPRESENTATION" = "UNSIGNED"
Info (12021): Found 1 design units, including 1 entities, in source file db/lpm_divide_qtl.tdf
    Info (12023): Found entity 1: lpm_divide_qtl File: C:/Users/dante/Practicas_FPGAs/VGADemo/db/lpm_divide_qtl.tdf Line: 25
Info (12021): Found 1 design units, including 1 entities, in source file db/sign_div_unsign_slh.tdf
    Info (12023): Found entity 1: sign_div_unsign_slh File: C:/Users/dante/Practicas_FPGAs/VGADemo/db/sign_div_unsign_slh.tdf Line: 25
Info (12021): Found 1 design units, including 1 entities, in source file db/alt_u_div_2ie.tdf
    Info (12023): Found entity 1: alt_u_div_2ie File: C:/Users/dante/Practicas_FPGAs/VGADemo/db/alt_u_div_2ie.tdf Line: 27
Info (12021): Found 1 design units, including 1 entities, in source file db/add_sub_t3c.tdf
    Info (12023): Found entity 1: add_sub_t3c File: C:/Users/dante/Practicas_FPGAs/VGADemo/db/add_sub_t3c.tdf Line: 23
Info (12021): Found 1 design units, including 1 entities, in source file db/add_sub_u3c.tdf
    Info (12023): Found entity 1: add_sub_u3c File: C:/Users/dante/Practicas_FPGAs/VGADemo/db/add_sub_u3c.tdf Line: 23
Warning (12241): 7 hierarchies have connectivity warnings - see the Connectivity Checks report folder
Warning (13024): Output pins are stuck at VCC or GND
    Warning (13410): Pin "VGA_G[0]" is stuck at GND File: C:/Users/dante/Practicas_FPGAs/VGADemo/VGADemo.v Line: 113
    Warning (13410): Pin "VGA_G[1]" is stuck at GND File: C:/Users/dante/Practicas_FPGAs/VGADemo/VGADemo.v Line: 113
    Warning (13410): Pin "VGA_G[2]" is stuck at GND File: C:/Users/dante/Practicas_FPGAs/VGADemo/VGADemo.v Line: 113
    Warning (13410): Pin "VGA_G[3]" is stuck at GND File: C:/Users/dante/Practicas_FPGAs/VGADemo/VGADemo.v Line: 113
    Warning (13410): Pin "VGA_B[0]" is stuck at GND File: C:/Users/dante/Practicas_FPGAs/VGADemo/VGADemo.v Line: 113
    Warning (13410): Pin "VGA_B[1]" is stuck at GND File: C:/Users/dante/Practicas_FPGAs/VGADemo/VGADemo.v Line: 113
    Warning (13410): Pin "VGA_B[2]" is stuck at GND File: C:/Users/dante/Practicas_FPGAs/VGADemo/VGADemo.v Line: 113
    Warning (13410): Pin "VGA_B[3]" is stuck at GND File: C:/Users/dante/Practicas_FPGAs/VGADemo/VGADemo.v Line: 113
Info (286030): Timing-Driven Synthesis is running
Info (17016): Found the following redundant logic cells in design
    Info (17048): Logic cell "letter_generator:letter2|Add13~16" File: C:/Users/dante/Practicas_FPGAs/VGADemo/output_files/letter_generator.v Line: 376
    Info (17048): Logic cell "letter_generator:letter2|Add13~18" File: C:/Users/dante/Practicas_FPGAs/VGADemo/output_files/letter_generator.v Line: 376
Info (16010): Generating hard_block partition "hard_block:auto_generated_inst"
    Info (16011): Adding 0 node(s), including 0 DDIO, 0 PLL, 0 transceiver and 0 LCELL
Info (21057): Implemented 568 device resources after synthesis - the final resource count might be different
    Info (21058): Implemented 1 input pins
    Info (21059): Implemented 14 output pins
    Info (21061): Implemented 553 logic cells
Info: Quartus Prime Analysis & Synthesis was successful. 0 errors, 13 warnings
    Info: Peak virtual memory: 4841 megabytes
    Info: Processing ended: Fri Mar  7 10:09:54 2025
    Info: Elapsed time: 00:00:07
    Info: Total CPU time (on all processors): 00:00:15


